c:\users\laura.reilly\desktop\laurareilly\networkingdanrepo\egp networking playground\egpnetgameserver\build\x64\v140\debug\vc140.pdb
c:\users\laura.reilly\desktop\laurareilly\networkingdanrepo\egp networking playground\egpnetgameserver\build\x64\v140\debug\vc140.idb
c:\users\laura.reilly\desktop\laurareilly\networkingdanrepo\egp networking playground\egpnetgameserver\build\x64\v140\debug\egpnetgameserver_main.obj
c:\users\laura.reilly\desktop\laurareilly\networkingdanrepo\egp networking playground\egpnetgameserver\build\x64\v140\debug\egpserverapplicationstate.obj
c:\users\laura.reilly\desktop\laurareilly\networkingdanrepo\egp networking playground\egpnetgameserver\build\x64\v140\debug\egpmasterserverapplicationstate.obj
c:\users\laura.reilly\documents\networkingproject3\egpnetgameserver\build\x64\v140\debug\vc140.pdb
c:\users\laura.reilly\documents\networkingproject3\egpnetgameserver\build\x64\v140\debug\vc140.idb
c:\users\laura.reilly\documents\networkingproject3\egpnetgameserver\build\x64\v140\debug\egpnetgameserver_main.obj
c:\users\laura.reilly\documents\networkingproject3\egpnetgameserver\build\x64\v140\debug\egpserverapplicationstate.obj
c:\users\laura.reilly\desktop\laurareilly\networkingdanrepo\egp networking playground\bin\x64\v140\debug\egpnetgameserver.ilk
c:\users\laura.reilly\desktop\laurareilly\networkingdanrepo\egp networking playground\bin\x64\v140\debug\egpnetgameserver.exe
c:\users\laura.reilly\desktop\laurareilly\networkingdanrepo\egp networking playground\bin\x64\v140\debug\egpnetgameserver.pdb
c:\users\laura.reilly\documents\networkingproject3\bin\x64\v140\debug\egpnetgameserver.ilk
c:\users\laura.reilly\documents\networkingproject3\bin\x64\v140\debug\egpnetgameserver.exe
c:\users\laura.reilly\documents\networkingproject3\bin\x64\v140\debug\egpnetgameserver.pdb
c:\users\laura.reilly\documents\networkingproject3\egpnetgameserver\build\x64\v140\debug\egpmasterserverapplicationstate.obj
c:\users\laura.reilly\documents\networkingproject3\egpnetgameserver\build\x64\v140\debug\egpnetgameserver.tlog\cl.command.1.tlog
c:\users\laura.reilly\documents\networkingproject3\egpnetgameserver\build\x64\v140\debug\egpnetgameserver.tlog\cl.read.1.tlog
c:\users\laura.reilly\documents\networkingproject3\egpnetgameserver\build\x64\v140\debug\egpnetgameserver.tlog\cl.write.1.tlog
c:\users\laura.reilly\documents\networkingproject3\egpnetgameserver\build\x64\v140\debug\egpnetgameserver.tlog\link.command.1.tlog
c:\users\laura.reilly\documents\networkingproject3\egpnetgameserver\build\x64\v140\debug\egpnetgameserver.tlog\link.read.1.tlog
c:\users\laura.reilly\documents\networkingproject3\egpnetgameserver\build\x64\v140\debug\egpnetgameserver.tlog\link.write.1.tlog
