c:\users\laura.reilly\desktop\laurareilly\networkingdanrepo\egp networking playground\egpnetgameclient\build\x64\v140\debug\vc140.pdb
c:\users\laura.reilly\desktop\laurareilly\networkingdanrepo\egp networking playground\egpnetgameclient\build\x64\v140\debug\vc140.idb
c:\users\laura.reilly\desktop\laurareilly\networkingdanrepo\egp networking playground\egpnetgameclient\build\x64\v140\debug\egpnetgameclient_main.obj
c:\users\laura.reilly\desktop\laurareilly\networkingdanrepo\egp networking playground\egpnetgameclient\build\x64\v140\debug\egpclientapplicationstate.obj
c:\users\laura.reilly\desktop\laurareilly\networkingdanrepo\egp networking playground\egpnetgameclient\build\x64\v140\debug\egpimagelibrarywrapper.obj
c:\users\laura.reilly\desktop\laurareilly\networkingdanrepo\egp networking playground\egpnetgameclient\build\x64\v140\debug\egpwindowstate.obj
c:\users\laura.reilly\documents\networkingproject3\egpnetgameclient\build\x64\v140\debug\vc140.pdb
c:\users\laura.reilly\documents\networkingproject3\egpnetgameclient\build\x64\v140\debug\vc140.idb
c:\users\laura.reilly\documents\networkingproject3\egpnetgameclient\build\x64\v140\debug\egpnetgameclient_main.obj
c:\users\laura.reilly\documents\networkingproject3\egpnetgameclient\build\x64\v140\debug\egpclientapplicationstate.obj
c:\users\laura.reilly\documents\networkingproject3\egpnetgameclient\build\x64\v140\debug\egpimagelibrarywrapper.obj
c:\users\laura.reilly\documents\networkingproject3\egpnetgameclient\build\x64\v140\debug\egpwindowstate.obj
c:\users\laura.reilly\desktop\laurareilly\networkingdanrepo\egp networking playground\bin\x64\v140\debug\egpnetgameclient.ilk
c:\users\laura.reilly\desktop\laurareilly\networkingdanrepo\egp networking playground\bin\x64\v140\debug\egpnetgameclient.exe
c:\users\laura.reilly\desktop\laurareilly\networkingdanrepo\egp networking playground\bin\x64\v140\debug\egpnetgameclient.pdb
c:\users\laura.reilly\documents\networkingproject3\bin\x64\v140\debug\egpnetgameclient.ilk
c:\users\laura.reilly\documents\networkingproject3\bin\x64\v140\debug\egpnetgameclient.exe
c:\users\laura.reilly\documents\networkingproject3\bin\x64\v140\debug\egpnetgameclient.pdb
c:\users\laura.reilly\documents\networkingproject3\egpnetgameclient\build\x64\v140\debug\egpnetgameclient.tlog\cl.command.1.tlog
c:\users\laura.reilly\documents\networkingproject3\egpnetgameclient\build\x64\v140\debug\egpnetgameclient.tlog\cl.read.1.tlog
c:\users\laura.reilly\documents\networkingproject3\egpnetgameclient\build\x64\v140\debug\egpnetgameclient.tlog\cl.write.1.tlog
c:\users\laura.reilly\documents\networkingproject3\egpnetgameclient\build\x64\v140\debug\egpnetgameclient.tlog\link.command.1.tlog
c:\users\laura.reilly\documents\networkingproject3\egpnetgameclient\build\x64\v140\debug\egpnetgameclient.tlog\link.read.1.tlog
c:\users\laura.reilly\documents\networkingproject3\egpnetgameclient\build\x64\v140\debug\egpnetgameclient.tlog\link.write.1.tlog
