  egpClientApplicationState.cpp
c:\users\laura reilly\desktop\networking project 3\project3zipped\egp-405-f2017-net-project3-laurareillyrobbymitchell\egpnetgameclient\include\egpnet\client\egpwindowstate.h(21): warning C4099: 'egpWindowState': type name first seen using 'class' now seen using 'struct'
  c:\users\laura reilly\desktop\networking project 3\project3zipped\egp-405-f2017-net-project3-laurareillyrobbymitchell\egpnetgameclient\include\egpnet\client\egpwindowstate.h(20): note: see declaration of 'egpWindowState'
  egpNetGameClient_main.cpp
c:\users\laura reilly\desktop\networking project 3\project3zipped\egp-405-f2017-net-project3-laurareillyrobbymitchell\egpnetgameclient\include\egpnet\client\egpwindowstate.h(21): warning C4099: 'egpWindowState': type name first seen using 'class' now seen using 'struct'
  c:\users\laura reilly\desktop\networking project 3\project3zipped\egp-405-f2017-net-project3-laurareillyrobbymitchell\egpnetgameclient\include\egpnet\client\egpwindowstate.h(20): note: see declaration of 'egpWindowState'
  Generating Code...
  egpWindowState.c
  egpImageLibraryWrapper.c
  Generating Code...
RakNet.lib(BitStream.obj) : warning LNK4099: PDB 'RakNet.pdb' was not found with 'RakNet.lib(BitStream.obj)' or at 'C:\Users\Laura Reilly\Desktop\Networking Project 3\PROJECT3ZIPPED\EGP-405-F2017-Net-Project3-LauraReillyRobbyMitchell\bin\x64\v140\Debug\RakNet.pdb'; linking object as if no debug info
RakNet.lib(CCRakNetSlidingWindow.obj) : warning LNK4099: PDB 'RakNet.pdb' was not found with 'RakNet.lib(CCRakNetSlidingWindow.obj)' or at 'C:\Users\Laura Reilly\Desktop\Networking Project 3\PROJECT3ZIPPED\EGP-405-F2017-Net-Project3-LauraReillyRobbyMitchell\bin\x64\v140\Debug\RakNet.pdb'; linking object as if no debug info
RakNet.lib(DR_SHA1.obj) : warning LNK4099: PDB 'RakNet.pdb' was not found with 'RakNet.lib(DR_SHA1.obj)' or at 'C:\Users\Laura Reilly\Desktop\Networking Project 3\PROJECT3ZIPPED\EGP-405-F2017-Net-Project3-LauraReillyRobbyMitchell\bin\x64\v140\Debug\RakNet.pdb'; linking object as if no debug info
RakNet.lib(DS_ByteQueue.obj) : warning LNK4099: PDB 'RakNet.pdb' was not found with 'RakNet.lib(DS_ByteQueue.obj)' or at 'C:\Users\Laura Reilly\Desktop\Networking Project 3\PROJECT3ZIPPED\EGP-405-F2017-Net-Project3-LauraReillyRobbyMitchell\bin\x64\v140\Debug\RakNet.pdb'; linking object as if no debug info
RakNet.lib(DS_HuffmanEncodingTree.obj) : warning LNK4099: PDB 'RakNet.pdb' was not found with 'RakNet.lib(DS_HuffmanEncodingTree.obj)' or at 'C:\Users\Laura Reilly\Desktop\Networking Project 3\PROJECT3ZIPPED\EGP-405-F2017-Net-Project3-LauraReillyRobbyMitchell\bin\x64\v140\Debug\RakNet.pdb'; linking object as if no debug info
RakNet.lib(GetTime.obj) : warning LNK4099: PDB 'RakNet.pdb' was not found with 'RakNet.lib(GetTime.obj)' or at 'C:\Users\Laura Reilly\Desktop\Networking Project 3\PROJECT3ZIPPED\EGP-405-F2017-Net-Project3-LauraReillyRobbyMitchell\bin\x64\v140\Debug\RakNet.pdb'; linking object as if no debug info
RakNet.lib(Itoa.obj) : warning LNK4099: PDB 'RakNet.pdb' was not found with 'RakNet.lib(Itoa.obj)' or at 'C:\Users\Laura Reilly\Desktop\Networking Project 3\PROJECT3ZIPPED\EGP-405-F2017-Net-Project3-LauraReillyRobbyMitchell\bin\x64\v140\Debug\RakNet.pdb'; linking object as if no debug info
RakNet.lib(LocklessTypes.obj) : warning LNK4099: PDB 'RakNet.pdb' was not found with 'RakNet.lib(LocklessTypes.obj)' or at 'C:\Users\Laura Reilly\Desktop\Networking Project 3\PROJECT3ZIPPED\EGP-405-F2017-Net-Project3-LauraReillyRobbyMitchell\bin\x64\v140\Debug\RakNet.pdb'; linking object as if no debug info
RakNet.lib(PluginInterface2.obj) : warning LNK4099: PDB 'RakNet.pdb' was not found with 'RakNet.lib(PluginInterface2.obj)' or at 'C:\Users\Laura Reilly\Desktop\Networking Project 3\PROJECT3ZIPPED\EGP-405-F2017-Net-Project3-LauraReillyRobbyMitchell\bin\x64\v140\Debug\RakNet.pdb'; linking object as if no debug info
RakNet.lib(RakMemoryOverride.obj) : warning LNK4099: PDB 'RakNet.pdb' was not found with 'RakNet.lib(RakMemoryOverride.obj)' or at 'C:\Users\Laura Reilly\Desktop\Networking Project 3\PROJECT3ZIPPED\EGP-405-F2017-Net-Project3-LauraReillyRobbyMitchell\bin\x64\v140\Debug\RakNet.pdb'; linking object as if no debug info
RakNet.lib(RakNetSocket2.obj) : warning LNK4099: PDB 'RakNet.pdb' was not found with 'RakNet.lib(RakNetSocket2.obj)' or at 'C:\Users\Laura Reilly\Desktop\Networking Project 3\PROJECT3ZIPPED\EGP-405-F2017-Net-Project3-LauraReillyRobbyMitchell\bin\x64\v140\Debug\RakNet.pdb'; linking object as if no debug info
RakNet.lib(RakNetTypes.obj) : warning LNK4099: PDB 'RakNet.pdb' was not found with 'RakNet.lib(RakNetTypes.obj)' or at 'C:\Users\Laura Reilly\Desktop\Networking Project 3\PROJECT3ZIPPED\EGP-405-F2017-Net-Project3-LauraReillyRobbyMitchell\bin\x64\v140\Debug\RakNet.pdb'; linking object as if no debug info
RakNet.lib(RakPeer.obj) : warning LNK4099: PDB 'RakNet.pdb' was not found with 'RakNet.lib(RakPeer.obj)' or at 'C:\Users\Laura Reilly\Desktop\Networking Project 3\PROJECT3ZIPPED\EGP-405-F2017-Net-Project3-LauraReillyRobbyMitchell\bin\x64\v140\Debug\RakNet.pdb'; linking object as if no debug info
RakNet.lib(RakSleep.obj) : warning LNK4099: PDB 'RakNet.pdb' was not found with 'RakNet.lib(RakSleep.obj)' or at 'C:\Users\Laura Reilly\Desktop\Networking Project 3\PROJECT3ZIPPED\EGP-405-F2017-Net-Project3-LauraReillyRobbyMitchell\bin\x64\v140\Debug\RakNet.pdb'; linking object as if no debug info
RakNet.lib(RakString.obj) : warning LNK4099: PDB 'RakNet.pdb' was not found with 'RakNet.lib(RakString.obj)' or at 'C:\Users\Laura Reilly\Desktop\Networking Project 3\PROJECT3ZIPPED\EGP-405-F2017-Net-Project3-LauraReillyRobbyMitchell\bin\x64\v140\Debug\RakNet.pdb'; linking object as if no debug info
RakNet.lib(RakThread.obj) : warning LNK4099: PDB 'RakNet.pdb' was not found with 'RakNet.lib(RakThread.obj)' or at 'C:\Users\Laura Reilly\Desktop\Networking Project 3\PROJECT3ZIPPED\EGP-405-F2017-Net-Project3-LauraReillyRobbyMitchell\bin\x64\v140\Debug\RakNet.pdb'; linking object as if no debug info
RakNet.lib(Rand.obj) : warning LNK4099: PDB 'RakNet.pdb' was not found with 'RakNet.lib(Rand.obj)' or at 'C:\Users\Laura Reilly\Desktop\Networking Project 3\PROJECT3ZIPPED\EGP-405-F2017-Net-Project3-LauraReillyRobbyMitchell\bin\x64\v140\Debug\RakNet.pdb'; linking object as if no debug info
RakNet.lib(ReliabilityLayer.obj) : warning LNK4099: PDB 'RakNet.pdb' was not found with 'RakNet.lib(ReliabilityLayer.obj)' or at 'C:\Users\Laura Reilly\Desktop\Networking Project 3\PROJECT3ZIPPED\EGP-405-F2017-Net-Project3-LauraReillyRobbyMitchell\bin\x64\v140\Debug\RakNet.pdb'; linking object as if no debug info
RakNet.lib(SignaledEvent.obj) : warning LNK4099: PDB 'RakNet.pdb' was not found with 'RakNet.lib(SignaledEvent.obj)' or at 'C:\Users\Laura Reilly\Desktop\Networking Project 3\PROJECT3ZIPPED\EGP-405-F2017-Net-Project3-LauraReillyRobbyMitchell\bin\x64\v140\Debug\RakNet.pdb'; linking object as if no debug info
RakNet.lib(SimpleMutex.obj) : warning LNK4099: PDB 'RakNet.pdb' was not found with 'RakNet.lib(SimpleMutex.obj)' or at 'C:\Users\Laura Reilly\Desktop\Networking Project 3\PROJECT3ZIPPED\EGP-405-F2017-Net-Project3-LauraReillyRobbyMitchell\bin\x64\v140\Debug\RakNet.pdb'; linking object as if no debug info
RakNet.lib(SocketLayer.obj) : warning LNK4099: PDB 'RakNet.pdb' was not found with 'RakNet.lib(SocketLayer.obj)' or at 'C:\Users\Laura Reilly\Desktop\Networking Project 3\PROJECT3ZIPPED\EGP-405-F2017-Net-Project3-LauraReillyRobbyMitchell\bin\x64\v140\Debug\RakNet.pdb'; linking object as if no debug info
RakNet.lib(StringCompressor.obj) : warning LNK4099: PDB 'RakNet.pdb' was not found with 'RakNet.lib(StringCompressor.obj)' or at 'C:\Users\Laura Reilly\Desktop\Networking Project 3\PROJECT3ZIPPED\EGP-405-F2017-Net-Project3-LauraReillyRobbyMitchell\bin\x64\v140\Debug\RakNet.pdb'; linking object as if no debug info
RakNet.lib(StringTable.obj) : warning LNK4099: PDB 'RakNet.pdb' was not found with 'RakNet.lib(StringTable.obj)' or at 'C:\Users\Laura Reilly\Desktop\Networking Project 3\PROJECT3ZIPPED\EGP-405-F2017-Net-Project3-LauraReillyRobbyMitchell\bin\x64\v140\Debug\RakNet.pdb'; linking object as if no debug info
RakNet.lib(SuperFastHash.obj) : warning LNK4099: PDB 'RakNet.pdb' was not found with 'RakNet.lib(SuperFastHash.obj)' or at 'C:\Users\Laura Reilly\Desktop\Networking Project 3\PROJECT3ZIPPED\EGP-405-F2017-Net-Project3-LauraReillyRobbyMitchell\bin\x64\v140\Debug\RakNet.pdb'; linking object as if no debug info
RakNet.lib(TCPInterface.obj) : warning LNK4099: PDB 'RakNet.pdb' was not found with 'RakNet.lib(TCPInterface.obj)' or at 'C:\Users\Laura Reilly\Desktop\Networking Project 3\PROJECT3ZIPPED\EGP-405-F2017-Net-Project3-LauraReillyRobbyMitchell\bin\x64\v140\Debug\RakNet.pdb'; linking object as if no debug info
RakNet.lib(WSAStartupSingleton.obj) : warning LNK4099: PDB 'RakNet.pdb' was not found with 'RakNet.lib(WSAStartupSingleton.obj)' or at 'C:\Users\Laura Reilly\Desktop\Networking Project 3\PROJECT3ZIPPED\EGP-405-F2017-Net-Project3-LauraReillyRobbyMitchell\bin\x64\v140\Debug\RakNet.pdb'; linking object as if no debug info
  egpNetGameClient.vcxproj -> C:\Users\Laura Reilly\Desktop\Networking Project 3\PROJECT3ZIPPED\EGP-405-F2017-Net-Project3-LauraReillyRobbyMitchell\bin\x64\v140\Debug\egpNetGameClient.exe
  egpNetGameClient.vcxproj -> C:\Users\Laura Reilly\Desktop\Networking Project 3\PROJECT3ZIPPED\EGP-405-F2017-Net-Project3-LauraReillyRobbyMitchell\bin\x64\v140\Debug\egpNetGameClient.pdb (Full PDB)
